<?xml version="1.0" encoding="UTF-8"?>
<!-- Generated by org.testng.reporters.JUnitXMLReporter -->
<testsuite ignored="0" hostname="DESKTOP-FVF3EU5" failures="0" tests="4" name="Test chrome" time="37.501" errors="0" timestamp="2025-06-28T18:38:40 IST">
  <testcase classname="testCases.TC001_AccountRegistration" name="verify_account_registration" time="2.442"/>
  <testcase classname="testCases.TC002_Login" name="logintest" time="1.759"/>
  <testcase classname="testCases.TC003_Login_DD" name="logintest" time="12.263"/>
  <testcase classname="testCases.TC003_Login_DD" name="logintest" time="13.458"/>
</testsuite> <!-- Test chrome -->
