<?xml version="1.0" encoding="UTF-8"?>
<!-- Generated by org.testng.reporters.JUnitXMLReporter -->
<testsuite ignored="0" hostname="DESKTOP-FVF3EU5" failures="0" tests="7" name="Test" time="77.03" errors="0" timestamp="2025-07-29T00:29:45 IST">
  <testcase classname="testCases.TC001_AccountRegistration" name="verify_account_registration" time="2.223"/>
  <testcase classname="testCases.TC002_Login" name="logintest" time="1.711"/>
  <testcase classname="testCases.TC003_Login_DD" name="logintest" time="12.38"/>
  <testcase classname="testCases.TC003_Login_DD" name="logintest" time="12.743"/>
  <testcase classname="testCases.TC003_Login_DD" name="logintest" time="10.694"/>
  <testcase classname="testCases.TC003_Login_DD" name="logintest" time="11.147"/>
  <testcase classname="testCases.TC003_Login_DD" name="logintest" time="10.946"/>
</testsuite> <!-- Test -->
